2019-05-20 13:11:19.290 [error] <0.170.0> Supervisor 'Elixir.Logger.Supervisor' had child 'Elixir.Logger.ErrorHandler' started with 'Elixir.Logger.Watcher':watcher(error_logger, 'Elixir.Logger.ErrorHandler', {true,false,500}) at <0.175.0> exit with reason normal in context child_terminated
2019-05-20 13:11:19.338 [info] <0.31.0> Application lager started on node nonode@nohost
2019-05-20 13:11:19.341 [info] <0.31.0> Application xmerl started on node nonode@nohost
2019-05-20 13:11:19.342 [info] <0.31.0> Application jsx started on node nonode@nohost
2019-05-20 13:11:19.348 [info] <0.31.0> Application ranch started on node nonode@nohost
2019-05-20 13:11:19.349 [info] <0.31.0> Application recon started on node nonode@nohost
2019-05-20 13:11:19.349 [info] <0.31.0> Application rabbit_common started on node nonode@nohost
2019-05-20 13:11:19.357 [info] <0.31.0> Application amqp_client started on node nonode@nohost
2019-05-20 13:11:19.359 [info] <0.31.0> Application amqp started on node nonode@nohost
2019-05-20 13:11:19.359 [info] <0.31.0> Application sender started on node nonode@nohost
2019-05-20 13:13:39.907 [info] <0.31.0> Application lager started on node nonode@nohost
2019-05-20 13:13:39.911 [info] <0.31.0> Application xmerl started on node nonode@nohost
2019-05-20 13:13:39.913 [info] <0.31.0> Application jsx started on node nonode@nohost
2019-05-20 13:13:39.917 [info] <0.31.0> Application ranch started on node nonode@nohost
2019-05-20 13:13:39.918 [info] <0.31.0> Application recon started on node nonode@nohost
2019-05-20 13:13:39.918 [info] <0.31.0> Application rabbit_common started on node nonode@nohost
2019-05-20 13:13:39.925 [info] <0.31.0> Application amqp_client started on node nonode@nohost
2019-05-20 13:13:39.927 [info] <0.31.0> Application amqp started on node nonode@nohost
2019-05-20 13:13:39.927 [info] <0.31.0> Application sender started on node nonode@nohost
2019-05-20 13:14:32.592 [info] <0.31.0> Application lager started on node nonode@nohost
2019-05-20 13:14:32.596 [info] <0.31.0> Application xmerl started on node nonode@nohost
2019-05-20 13:14:32.598 [info] <0.31.0> Application jsx started on node nonode@nohost
2019-05-20 13:14:32.602 [info] <0.31.0> Application ranch started on node nonode@nohost
2019-05-20 13:14:32.603 [info] <0.31.0> Application recon started on node nonode@nohost
2019-05-20 13:14:32.603 [info] <0.31.0> Application rabbit_common started on node nonode@nohost
2019-05-20 13:14:32.610 [info] <0.31.0> Application amqp_client started on node nonode@nohost
2019-05-20 13:14:32.612 [info] <0.31.0> Application amqp started on node nonode@nohost
2019-05-20 13:14:32.612 [info] <0.31.0> Application sender started on node nonode@nohost
2019-05-20 13:18:15.455 [info] <0.31.0> Application lager started on node nonode@nohost
2019-05-20 13:18:15.459 [info] <0.31.0> Application xmerl started on node nonode@nohost
2019-05-20 13:18:15.461 [info] <0.31.0> Application jsx started on node nonode@nohost
2019-05-20 13:18:15.465 [info] <0.31.0> Application ranch started on node nonode@nohost
2019-05-20 13:18:15.466 [info] <0.31.0> Application recon started on node nonode@nohost
2019-05-20 13:18:15.467 [info] <0.31.0> Application rabbit_common started on node nonode@nohost
2019-05-20 13:18:15.473 [info] <0.31.0> Application amqp_client started on node nonode@nohost
2019-05-20 13:18:15.475 [info] <0.31.0> Application amqp started on node nonode@nohost
2019-05-20 13:18:15.475 [info] <0.31.0> Application sender started on node nonode@nohost
2019-05-20 13:19:10.986 [info] <0.31.0> Application lager started on node nonode@nohost
2019-05-20 13:19:10.991 [info] <0.31.0> Application xmerl started on node nonode@nohost
2019-05-20 13:19:10.992 [info] <0.31.0> Application jsx started on node nonode@nohost
2019-05-20 13:19:10.997 [info] <0.31.0> Application ranch started on node nonode@nohost
2019-05-20 13:19:10.998 [info] <0.31.0> Application recon started on node nonode@nohost
2019-05-20 13:19:10.998 [info] <0.31.0> Application rabbit_common started on node nonode@nohost
2019-05-20 13:19:11.005 [info] <0.31.0> Application amqp_client started on node nonode@nohost
2019-05-20 13:19:11.007 [info] <0.31.0> Application amqp started on node nonode@nohost
2019-05-20 13:19:11.007 [info] <0.31.0> Application sender started on node nonode@nohost
2019-05-20 13:19:26.605 [info] <0.31.0> Application lager started on node nonode@nohost
2019-05-20 13:19:26.610 [info] <0.31.0> Application xmerl started on node nonode@nohost
2019-05-20 13:19:26.611 [info] <0.31.0> Application jsx started on node nonode@nohost
2019-05-20 13:19:26.615 [info] <0.31.0> Application ranch started on node nonode@nohost
2019-05-20 13:19:26.616 [info] <0.31.0> Application recon started on node nonode@nohost
2019-05-20 13:19:26.617 [info] <0.31.0> Application rabbit_common started on node nonode@nohost
2019-05-20 13:19:26.623 [info] <0.31.0> Application amqp_client started on node nonode@nohost
2019-05-20 13:19:26.625 [info] <0.31.0> Application amqp started on node nonode@nohost
2019-05-20 13:19:26.625 [info] <0.31.0> Application sender started on node nonode@nohost
2019-05-20 13:36:21.774 [info] <0.31.0> Application lager started on node nonode@nohost
2019-05-20 13:36:21.779 [info] <0.31.0> Application xmerl started on node nonode@nohost
2019-05-20 13:36:21.780 [info] <0.31.0> Application jsx started on node nonode@nohost
2019-05-20 13:36:21.785 [info] <0.31.0> Application ranch started on node nonode@nohost
2019-05-20 13:36:21.786 [info] <0.31.0> Application recon started on node nonode@nohost
2019-05-20 13:36:21.786 [info] <0.31.0> Application rabbit_common started on node nonode@nohost
2019-05-20 13:36:21.793 [info] <0.31.0> Application amqp_client started on node nonode@nohost
2019-05-20 13:36:21.795 [info] <0.31.0> Application amqp started on node nonode@nohost
2019-05-20 13:36:21.795 [info] <0.31.0> Application sender started on node nonode@nohost
2019-05-20 13:36:37.895 [info] <0.31.0> Application lager started on node nonode@nohost
2019-05-20 13:36:37.900 [info] <0.31.0> Application xmerl started on node nonode@nohost
2019-05-20 13:36:37.901 [info] <0.31.0> Application jsx started on node nonode@nohost
2019-05-20 13:36:37.905 [info] <0.31.0> Application ranch started on node nonode@nohost
2019-05-20 13:36:37.906 [info] <0.31.0> Application recon started on node nonode@nohost
2019-05-20 13:36:37.906 [info] <0.31.0> Application rabbit_common started on node nonode@nohost
2019-05-20 13:36:37.913 [info] <0.31.0> Application amqp_client started on node nonode@nohost
2019-05-20 13:36:37.915 [info] <0.31.0> Application amqp started on node nonode@nohost
2019-05-20 13:36:37.915 [info] <0.31.0> Application sender started on node nonode@nohost
2019-05-20 13:37:38.053 [info] <0.31.0> Application lager started on node nonode@nohost
2019-05-20 13:37:38.059 [info] <0.31.0> Application xmerl started on node nonode@nohost
2019-05-20 13:37:38.061 [info] <0.31.0> Application jsx started on node nonode@nohost
2019-05-20 13:37:38.067 [info] <0.31.0> Application ranch started on node nonode@nohost
2019-05-20 13:37:38.069 [info] <0.31.0> Application recon started on node nonode@nohost
2019-05-20 13:37:38.069 [info] <0.31.0> Application rabbit_common started on node nonode@nohost
2019-05-20 13:37:38.082 [info] <0.31.0> Application amqp_client started on node nonode@nohost
2019-05-20 13:37:38.085 [info] <0.31.0> Application amqp started on node nonode@nohost
2019-05-20 13:37:38.085 [info] <0.31.0> Application sender started on node nonode@nohost
2019-05-20 13:37:58.887 [info] <0.31.0> Application lager started on node nonode@nohost
2019-05-20 13:37:58.892 [info] <0.31.0> Application xmerl started on node nonode@nohost
2019-05-20 13:37:58.894 [info] <0.31.0> Application jsx started on node nonode@nohost
2019-05-20 13:37:58.898 [info] <0.31.0> Application ranch started on node nonode@nohost
2019-05-20 13:37:58.899 [info] <0.31.0> Application recon started on node nonode@nohost
2019-05-20 13:37:58.899 [info] <0.31.0> Application rabbit_common started on node nonode@nohost
2019-05-20 13:37:58.906 [info] <0.31.0> Application amqp_client started on node nonode@nohost
2019-05-20 13:37:58.908 [info] <0.31.0> Application amqp started on node nonode@nohost
2019-05-20 13:37:58.908 [info] <0.31.0> Application sender started on node nonode@nohost
2019-05-20 13:38:20.311 [info] <0.31.0> Application lager started on node nonode@nohost
2019-05-20 13:38:20.316 [info] <0.31.0> Application xmerl started on node nonode@nohost
2019-05-20 13:38:20.317 [info] <0.31.0> Application jsx started on node nonode@nohost
2019-05-20 13:38:20.322 [info] <0.31.0> Application ranch started on node nonode@nohost
2019-05-20 13:38:20.323 [info] <0.31.0> Application recon started on node nonode@nohost
2019-05-20 13:38:20.323 [info] <0.31.0> Application rabbit_common started on node nonode@nohost
2019-05-20 13:38:20.330 [info] <0.31.0> Application amqp_client started on node nonode@nohost
2019-05-20 13:38:20.332 [info] <0.31.0> Application amqp started on node nonode@nohost
2019-05-20 13:38:20.332 [info] <0.31.0> Application sender started on node nonode@nohost
2019-05-20 13:38:38.912 [info] <0.31.0> Application lager started on node nonode@nohost
2019-05-20 13:38:38.917 [info] <0.31.0> Application xmerl started on node nonode@nohost
2019-05-20 13:38:38.919 [info] <0.31.0> Application jsx started on node nonode@nohost
2019-05-20 13:38:38.923 [info] <0.31.0> Application ranch started on node nonode@nohost
2019-05-20 13:38:38.924 [info] <0.31.0> Application recon started on node nonode@nohost
2019-05-20 13:38:38.924 [info] <0.31.0> Application rabbit_common started on node nonode@nohost
2019-05-20 13:38:38.930 [info] <0.31.0> Application amqp_client started on node nonode@nohost
2019-05-20 13:38:38.933 [info] <0.31.0> Application amqp started on node nonode@nohost
2019-05-20 13:38:38.933 [info] <0.31.0> Application sender started on node nonode@nohost
2019-05-20 13:38:51.287 [info] <0.31.0> Application lager started on node nonode@nohost
2019-05-20 13:38:51.292 [info] <0.31.0> Application xmerl started on node nonode@nohost
2019-05-20 13:38:51.293 [info] <0.31.0> Application jsx started on node nonode@nohost
2019-05-20 13:38:51.298 [info] <0.31.0> Application ranch started on node nonode@nohost
2019-05-20 13:38:51.299 [info] <0.31.0> Application recon started on node nonode@nohost
2019-05-20 13:38:51.299 [info] <0.31.0> Application rabbit_common started on node nonode@nohost
2019-05-20 13:38:51.307 [info] <0.31.0> Application amqp_client started on node nonode@nohost
2019-05-20 13:38:51.309 [info] <0.31.0> Application amqp started on node nonode@nohost
2019-05-20 13:38:51.309 [info] <0.31.0> Application sender started on node nonode@nohost
2019-05-20 13:39:03.316 [info] <0.31.0> Application lager started on node nonode@nohost
2019-05-20 13:39:03.320 [info] <0.31.0> Application xmerl started on node nonode@nohost
2019-05-20 13:39:03.322 [info] <0.31.0> Application jsx started on node nonode@nohost
2019-05-20 13:39:03.326 [info] <0.31.0> Application ranch started on node nonode@nohost
2019-05-20 13:39:03.327 [info] <0.31.0> Application recon started on node nonode@nohost
2019-05-20 13:39:03.327 [info] <0.31.0> Application rabbit_common started on node nonode@nohost
2019-05-20 13:39:03.334 [info] <0.31.0> Application amqp_client started on node nonode@nohost
2019-05-20 13:39:03.336 [info] <0.31.0> Application amqp started on node nonode@nohost
2019-05-20 13:39:03.336 [info] <0.31.0> Application sender started on node nonode@nohost
2019-05-20 13:39:33.515 [info] <0.31.0> Application lager started on node nonode@nohost
2019-05-20 13:39:33.520 [info] <0.31.0> Application xmerl started on node nonode@nohost
2019-05-20 13:39:33.521 [info] <0.31.0> Application jsx started on node nonode@nohost
2019-05-20 13:39:33.526 [info] <0.31.0> Application ranch started on node nonode@nohost
2019-05-20 13:39:33.527 [info] <0.31.0> Application recon started on node nonode@nohost
2019-05-20 13:39:33.527 [info] <0.31.0> Application rabbit_common started on node nonode@nohost
2019-05-20 13:39:33.533 [info] <0.31.0> Application amqp_client started on node nonode@nohost
2019-05-20 13:39:33.535 [info] <0.31.0> Application amqp started on node nonode@nohost
2019-05-20 13:39:33.536 [info] <0.31.0> Application sender started on node nonode@nohost
2019-05-20 13:41:25.807 [info] <0.31.0> Application lager started on node nonode@nohost
2019-05-20 13:41:25.811 [info] <0.31.0> Application xmerl started on node nonode@nohost
2019-05-20 13:41:25.813 [info] <0.31.0> Application jsx started on node nonode@nohost
2019-05-20 13:41:25.817 [info] <0.31.0> Application ranch started on node nonode@nohost
2019-05-20 13:41:25.818 [info] <0.31.0> Application recon started on node nonode@nohost
2019-05-20 13:41:25.818 [info] <0.31.0> Application rabbit_common started on node nonode@nohost
2019-05-20 13:41:25.825 [info] <0.31.0> Application amqp_client started on node nonode@nohost
2019-05-20 13:41:25.827 [info] <0.31.0> Application amqp started on node nonode@nohost
2019-05-20 13:41:25.827 [info] <0.31.0> Application sender started on node nonode@nohost
2019-05-20 13:42:42.083 [info] <0.31.0> Application lager started on node nonode@nohost
2019-05-20 13:42:42.088 [info] <0.31.0> Application xmerl started on node nonode@nohost
2019-05-20 13:42:42.089 [info] <0.31.0> Application jsx started on node nonode@nohost
2019-05-20 13:42:42.093 [info] <0.31.0> Application ranch started on node nonode@nohost
2019-05-20 13:42:42.095 [info] <0.31.0> Application recon started on node nonode@nohost
2019-05-20 13:42:42.095 [info] <0.31.0> Application rabbit_common started on node nonode@nohost
2019-05-20 13:42:42.102 [info] <0.31.0> Application amqp_client started on node nonode@nohost
2019-05-20 13:42:42.104 [info] <0.31.0> Application amqp started on node nonode@nohost
2019-05-20 13:42:42.104 [info] <0.31.0> Application sender started on node nonode@nohost
2019-05-20 13:43:25.530 [info] <0.31.0> Application lager started on node nonode@nohost
2019-05-20 13:43:25.532 [info] <0.31.0> Application xmerl started on node nonode@nohost
2019-05-20 13:43:25.535 [info] <0.31.0> Application jsx started on node nonode@nohost
2019-05-20 13:43:25.539 [info] <0.31.0> Application ranch started on node nonode@nohost
2019-05-20 13:43:25.540 [info] <0.31.0> Application recon started on node nonode@nohost
2019-05-20 13:43:25.540 [info] <0.31.0> Application rabbit_common started on node nonode@nohost
2019-05-20 13:43:25.547 [info] <0.31.0> Application amqp_client started on node nonode@nohost
2019-05-20 13:43:25.549 [info] <0.31.0> Application amqp started on node nonode@nohost
2019-05-20 13:43:25.549 [info] <0.31.0> Application sender started on node nonode@nohost
2019-05-20 13:45:16.776 [info] <0.31.0> Application lager started on node nonode@nohost
2019-05-20 13:45:16.781 [info] <0.31.0> Application xmerl started on node nonode@nohost
2019-05-20 13:45:16.783 [info] <0.31.0> Application jsx started on node nonode@nohost
2019-05-20 13:45:16.787 [info] <0.31.0> Application ranch started on node nonode@nohost
2019-05-20 13:45:16.788 [info] <0.31.0> Application recon started on node nonode@nohost
2019-05-20 13:45:16.788 [info] <0.31.0> Application rabbit_common started on node nonode@nohost
2019-05-20 13:45:16.795 [info] <0.31.0> Application amqp_client started on node nonode@nohost
2019-05-20 13:45:16.797 [info] <0.31.0> Application amqp started on node nonode@nohost
2019-05-20 13:45:16.797 [info] <0.31.0> Application sender started on node nonode@nohost
2019-05-20 13:45:35.752 [info] <0.31.0> Application lager started on node nonode@nohost
2019-05-20 13:45:35.757 [info] <0.31.0> Application xmerl started on node nonode@nohost
2019-05-20 13:45:35.760 [info] <0.31.0> Application jsx started on node nonode@nohost
2019-05-20 13:45:35.765 [info] <0.31.0> Application ranch started on node nonode@nohost
2019-05-20 13:45:35.766 [info] <0.31.0> Application recon started on node nonode@nohost
2019-05-20 13:45:35.766 [info] <0.31.0> Application rabbit_common started on node nonode@nohost
2019-05-20 13:45:35.773 [info] <0.31.0> Application amqp_client started on node nonode@nohost
2019-05-20 13:45:35.775 [info] <0.31.0> Application amqp started on node nonode@nohost
2019-05-20 13:45:35.775 [info] <0.31.0> Application sender started on node nonode@nohost
2019-05-20 13:45:53.938 [info] <0.31.0> Application lager started on node nonode@nohost
2019-05-20 13:45:53.943 [info] <0.31.0> Application xmerl started on node nonode@nohost
2019-05-20 13:45:53.944 [info] <0.31.0> Application jsx started on node nonode@nohost
2019-05-20 13:45:53.949 [info] <0.31.0> Application ranch started on node nonode@nohost
2019-05-20 13:45:53.950 [info] <0.31.0> Application recon started on node nonode@nohost
2019-05-20 13:45:53.950 [info] <0.31.0> Application rabbit_common started on node nonode@nohost
2019-05-20 13:45:53.956 [info] <0.31.0> Application amqp_client started on node nonode@nohost
2019-05-20 13:45:53.958 [info] <0.31.0> Application amqp started on node nonode@nohost
2019-05-20 13:45:53.958 [info] <0.31.0> Application sender started on node nonode@nohost
2019-05-20 13:46:13.851 [info] <0.31.0> Application lager started on node nonode@nohost
2019-05-20 13:46:13.856 [info] <0.31.0> Application xmerl started on node nonode@nohost
2019-05-20 13:46:13.857 [info] <0.31.0> Application jsx started on node nonode@nohost
2019-05-20 13:46:13.861 [info] <0.31.0> Application ranch started on node nonode@nohost
2019-05-20 13:46:13.862 [info] <0.31.0> Application recon started on node nonode@nohost
2019-05-20 13:46:13.863 [info] <0.31.0> Application rabbit_common started on node nonode@nohost
2019-05-20 13:46:13.869 [info] <0.31.0> Application amqp_client started on node nonode@nohost
2019-05-20 13:46:13.871 [info] <0.31.0> Application amqp started on node nonode@nohost
2019-05-20 13:46:13.871 [info] <0.31.0> Application sender started on node nonode@nohost
2019-05-20 13:46:33.525 [info] <0.31.0> Application lager started on node nonode@nohost
2019-05-20 13:46:33.530 [info] <0.31.0> Application xmerl started on node nonode@nohost
2019-05-20 13:46:33.531 [info] <0.31.0> Application jsx started on node nonode@nohost
2019-05-20 13:46:33.535 [info] <0.31.0> Application ranch started on node nonode@nohost
2019-05-20 13:46:33.536 [info] <0.31.0> Application recon started on node nonode@nohost
2019-05-20 13:46:33.536 [info] <0.31.0> Application rabbit_common started on node nonode@nohost
2019-05-20 13:46:33.543 [info] <0.31.0> Application amqp_client started on node nonode@nohost
2019-05-20 13:46:33.545 [info] <0.31.0> Application amqp started on node nonode@nohost
2019-05-20 13:46:33.545 [info] <0.31.0> Application sender started on node nonode@nohost
2019-05-20 13:47:36.547 [info] <0.31.0> Application lager started on node nonode@nohost
2019-05-20 13:47:36.552 [info] <0.31.0> Application xmerl started on node nonode@nohost
2019-05-20 13:47:36.554 [info] <0.31.0> Application jsx started on node nonode@nohost
2019-05-20 13:47:36.558 [info] <0.31.0> Application ranch started on node nonode@nohost
2019-05-20 13:47:36.559 [info] <0.31.0> Application recon started on node nonode@nohost
2019-05-20 13:47:36.559 [info] <0.31.0> Application rabbit_common started on node nonode@nohost
2019-05-20 13:47:36.566 [info] <0.31.0> Application amqp_client started on node nonode@nohost
2019-05-20 13:47:36.567 [info] <0.31.0> Application amqp started on node nonode@nohost
2019-05-20 13:47:36.568 [info] <0.31.0> Application sender started on node nonode@nohost
2019-05-20 13:49:50.719 [info] <0.31.0> Application lager started on node nonode@nohost
2019-05-20 13:49:50.723 [info] <0.31.0> Application xmerl started on node nonode@nohost
2019-05-20 13:49:50.725 [info] <0.31.0> Application jsx started on node nonode@nohost
2019-05-20 13:49:50.730 [info] <0.31.0> Application ranch started on node nonode@nohost
2019-05-20 13:49:50.731 [info] <0.31.0> Application recon started on node nonode@nohost
2019-05-20 13:49:50.731 [info] <0.31.0> Application rabbit_common started on node nonode@nohost
2019-05-20 13:49:50.737 [info] <0.31.0> Application amqp_client started on node nonode@nohost
2019-05-20 13:49:50.739 [info] <0.31.0> Application amqp started on node nonode@nohost
2019-05-20 13:49:50.739 [info] <0.31.0> Application sender started on node nonode@nohost
2019-05-20 13:50:27.329 [info] <0.31.0> Application lager started on node nonode@nohost
2019-05-20 13:50:27.334 [info] <0.31.0> Application xmerl started on node nonode@nohost
2019-05-20 13:50:27.335 [info] <0.31.0> Application jsx started on node nonode@nohost
2019-05-20 13:50:27.339 [info] <0.31.0> Application ranch started on node nonode@nohost
2019-05-20 13:50:27.340 [info] <0.31.0> Application recon started on node nonode@nohost
2019-05-20 13:50:27.341 [info] <0.31.0> Application rabbit_common started on node nonode@nohost
2019-05-20 13:50:27.347 [info] <0.31.0> Application amqp_client started on node nonode@nohost
2019-05-20 13:50:27.349 [info] <0.31.0> Application amqp started on node nonode@nohost
2019-05-20 13:50:27.349 [info] <0.31.0> Application sender started on node nonode@nohost
2019-05-20 13:50:36.639 [info] <0.31.0> Application lager started on node nonode@nohost
2019-05-20 13:50:36.644 [info] <0.31.0> Application xmerl started on node nonode@nohost
2019-05-20 13:50:36.645 [info] <0.31.0> Application jsx started on node nonode@nohost
2019-05-20 13:50:36.649 [info] <0.31.0> Application ranch started on node nonode@nohost
2019-05-20 13:50:36.650 [info] <0.31.0> Application recon started on node nonode@nohost
2019-05-20 13:50:36.651 [info] <0.31.0> Application rabbit_common started on node nonode@nohost
2019-05-20 13:50:36.657 [info] <0.31.0> Application amqp_client started on node nonode@nohost
2019-05-20 13:50:36.659 [info] <0.31.0> Application amqp started on node nonode@nohost
2019-05-20 13:50:36.659 [info] <0.31.0> Application sender started on node nonode@nohost
2019-05-20 13:53:03.948 [info] <0.31.0> Application lager started on node nonode@nohost
2019-05-20 13:53:03.953 [info] <0.31.0> Application xmerl started on node nonode@nohost
2019-05-20 13:53:03.955 [info] <0.31.0> Application jsx started on node nonode@nohost
2019-05-20 13:53:03.959 [info] <0.31.0> Application ranch started on node nonode@nohost
2019-05-20 13:53:03.960 [info] <0.31.0> Application recon started on node nonode@nohost
2019-05-20 13:53:03.960 [info] <0.31.0> Application rabbit_common started on node nonode@nohost
2019-05-20 13:53:03.967 [info] <0.31.0> Application amqp_client started on node nonode@nohost
2019-05-20 13:53:03.969 [info] <0.31.0> Application amqp started on node nonode@nohost
2019-05-20 13:53:03.969 [info] <0.31.0> Application sender started on node nonode@nohost
2019-05-20 13:55:59.693 [info] <0.31.0> Application lager started on node nonode@nohost
2019-05-20 13:55:59.698 [info] <0.31.0> Application xmerl started on node nonode@nohost
2019-05-20 13:55:59.699 [info] <0.31.0> Application jsx started on node nonode@nohost
2019-05-20 13:55:59.703 [info] <0.31.0> Application ranch started on node nonode@nohost
2019-05-20 13:55:59.704 [info] <0.31.0> Application recon started on node nonode@nohost
2019-05-20 13:55:59.705 [info] <0.31.0> Application rabbit_common started on node nonode@nohost
2019-05-20 13:55:59.712 [info] <0.31.0> Application amqp_client started on node nonode@nohost
2019-05-20 13:55:59.714 [info] <0.31.0> Application amqp started on node nonode@nohost
2019-05-20 13:55:59.714 [info] <0.31.0> Application sender started on node nonode@nohost
2019-05-20 13:56:57.105 [info] <0.31.0> Application lager started on node nonode@nohost
2019-05-20 13:56:57.111 [info] <0.31.0> Application xmerl started on node nonode@nohost
2019-05-20 13:56:57.113 [info] <0.31.0> Application jsx started on node nonode@nohost
2019-05-20 13:56:57.119 [info] <0.31.0> Application ranch started on node nonode@nohost
2019-05-20 13:56:57.121 [info] <0.31.0> Application recon started on node nonode@nohost
2019-05-20 13:56:57.121 [info] <0.31.0> Application rabbit_common started on node nonode@nohost
2019-05-20 13:56:57.131 [info] <0.31.0> Application amqp_client started on node nonode@nohost
2019-05-20 13:56:57.134 [info] <0.31.0> Application amqp started on node nonode@nohost
2019-05-20 13:56:57.134 [info] <0.31.0> Application sender started on node nonode@nohost
2019-05-20 13:57:20.239 [info] <0.31.0> Application lager started on node nonode@nohost
2019-05-20 13:57:20.244 [info] <0.31.0> Application xmerl started on node nonode@nohost
2019-05-20 13:57:20.246 [info] <0.31.0> Application jsx started on node nonode@nohost
2019-05-20 13:57:20.250 [info] <0.31.0> Application ranch started on node nonode@nohost
2019-05-20 13:57:20.251 [info] <0.31.0> Application recon started on node nonode@nohost
2019-05-20 13:57:20.251 [info] <0.31.0> Application rabbit_common started on node nonode@nohost
2019-05-20 13:57:20.258 [info] <0.31.0> Application amqp_client started on node nonode@nohost
2019-05-20 13:57:20.260 [info] <0.31.0> Application amqp started on node nonode@nohost
2019-05-20 13:57:20.260 [info] <0.31.0> Application sender started on node nonode@nohost
2019-05-20 13:57:25.666 [info] <0.31.0> Application lager started on node nonode@nohost
2019-05-20 13:57:25.668 [info] <0.31.0> Application xmerl started on node nonode@nohost
2019-05-20 13:57:25.671 [info] <0.31.0> Application jsx started on node nonode@nohost
2019-05-20 13:57:25.675 [info] <0.31.0> Application ranch started on node nonode@nohost
2019-05-20 13:57:25.676 [info] <0.31.0> Application recon started on node nonode@nohost
2019-05-20 13:57:25.676 [info] <0.31.0> Application rabbit_common started on node nonode@nohost
2019-05-20 13:57:25.683 [info] <0.31.0> Application amqp_client started on node nonode@nohost
2019-05-20 13:57:25.685 [info] <0.31.0> Application amqp started on node nonode@nohost
2019-05-20 13:57:25.685 [info] <0.31.0> Application sender started on node nonode@nohost
2019-05-20 13:57:38.317 [info] <0.31.0> Application lager started on node nonode@nohost
2019-05-20 13:57:38.323 [info] <0.31.0> Application xmerl started on node nonode@nohost
2019-05-20 13:57:38.325 [info] <0.31.0> Application jsx started on node nonode@nohost
2019-05-20 13:57:38.331 [info] <0.31.0> Application ranch started on node nonode@nohost
2019-05-20 13:57:38.332 [info] <0.31.0> Application recon started on node nonode@nohost
2019-05-20 13:57:38.332 [info] <0.31.0> Application rabbit_common started on node nonode@nohost
2019-05-20 13:57:38.341 [info] <0.31.0> Application amqp_client started on node nonode@nohost
2019-05-20 13:57:38.344 [info] <0.31.0> Application amqp started on node nonode@nohost
2019-05-20 13:57:38.344 [info] <0.31.0> Application sender started on node nonode@nohost
